Time: 403 | Quality: 32.5 | Data: B
Time: 81 | Quality: 33.2 | Data: M
Time: 541 | Quality: 33.5 | Data: d
Time: 198 | Quality: 3.5 | Data: M
Time: 28 | Quality: 49.1 | Data: a
Time: 352 | Quality: 10.4 | Data: Y
Time: 651 | Quality: 37.9 | Data: j
Time: 484 | Quality: 46.7 | Data: l
Time: 993 | Quality: 8.7 | Data: b
Time: 402 | Quality: 46.7 | Data: H
Time: 982 | Quality: 19 | Data: L
Time: 532 | Quality: 39.6 | Data: C
Time: 655 | Quality: 18.5 | Data: w
Time: 579 | Quality: 27.1 | Data: P
Time: 759 | Quality: 81.4 | Data: Q
Time: 732 | Quality: 83.4 | Data: a
Time: 555 | Quality: 82.1 | Data: B
Time: 955 | Quality: 27.1 | Data: I
Time: 414 | Quality: 33.2 | Data: G
Time: 827 | Quality: 76.8 | Data: C
Time: 142 | Quality: 36.5 | Data: Z
Time: 432 | Quality: 76.2 | Data: Y
Time: 396 | Quality: 47.6 | Data: r
Time: 381 | Quality: 2.7 | Data: G
Time: 56 | Quality: 60.6 | Data: A
Time: 86 | Quality: 8 | Data: n
Time: 872 | Quality: 26.5 | Data: o
Time: 771 | Quality: 68.6 | Data: w
Time: 439 | Quality: 68.8 | Data: n
Time: 913 | Quality: 46.5 | Data: O
Time: 547 | Quality: 21.8 | Data: Q
Time: 98 | Quality: 51.4 | Data: P
Time: 616 | Quality: 84.9 | Data: U
Time: 87 | Quality: 36.1 | Data: k
Time: 183 | Quality: 78.9 | Data: i
Time: 998 | Quality: 60.3 | Data: T
Time: 51 | Quality: 9.3 | Data: y
Time: 473 | Quality: 32.4 | Data: Y
Time: 906 | Quality: 86.7 | Data: f
Time: 568 | Quality: 12.4 | Data: c
Time: 248 | Quality: 11.9 | Data: b
Time: 916 | Quality: 79.2 | Data: u
Time: 132 | Quality: 8.7 | Data: b
Time: 468 | Quality: 87.9 | Data: P
Time: 389 | Quality: 9.2 | Data: W
Time: 378 | Quality: 28.6 | Data: q
Time: 385 | Quality: 54 | Data: b
Time: 384 | Quality: 9.8 | Data: e
Time: 312 | Quality: 35.6 | Data: S
Time: 990 | Quality: 20.4 | Data: k
Time: 576 | Quality: 9.1 | Data: R
Time: 337 | Quality: 10.3 | Data: g
Time: 584 | Quality: 9.6 | Data: G
Time: 73 | Quality: 78.3 | Data: q
Time: 877 | Quality: 29.4 | Data: x
Time: 415 | Quality: 19.8 | Data: i
Time: 409 | Quality: 75 | Data: n
Time: 329 | Quality: 21.5 | Data: I
Time: 364 | Quality: 38.4 | Data: p
Time: 320 | Quality: 76.7 | Data: x
Time: 739 | Quality: 85.7 | Data: Y
Time: 970 | Quality: 82 | Data: S
Time: 974 | Quality: 64.4 | Data: O
Time: 244 | Quality: 86.4 | Data: i
Time: 681 | Quality: 42.7 | Data: g
Time: 939 | Quality: 45.1 | Data: w
Time: 588 | Quality: 53.1 | Data: G
Time: 375 | Quality: 36 | Data: D
Time: 683 | Quality: 4.4 | Data: H
Time: 97 | Quality: 10.3 | Data: M
Time: 988 | Quality: 28.7 | Data: p
Time: 694 | Quality: 72.7 | Data: Q
Time: 761 | Quality: 64.8 | Data: b
Time: 840 | Quality: 80.2 | Data: Y
Time: 734 | Quality: 82.2 | Data: u
Time: 978 | Quality: 77.8 | Data: k
Time: 2 | Quality: 26.1 | Data: f
Time: 530 | Quality: 76.4 | Data: w
Time: 971 | Quality: 71.7 | Data: z
Time: 707 | Quality: 33.2 | Data: v
Time: 467 | Quality: 61.5 | Data: Q
Time: 496 | Quality: 86.4 | Data: T
Time: 251 | Quality: 30.6 | Data: C
Time: 93 | Quality: 24.8 | Data: X
Time: 70 | Quality: 60.2 | Data: t
Time: 120 | Quality: 62 | Data: G
Time: 662 | Quality: 71.5 | Data: r
Time: 210 | Quality: 47.1 | Data: P
Time: 566 | Quality: 69.3 | Data: b
Time: 509 | Quality: 86 | Data: J
Time: 419 | Quality: 7.6 | Data: j
Time: 26 | Quality: 79.8 | Data: P
Time: 760 | Quality: 65.1 | Data: q
Time: 644 | Quality: 43.4 | Data: G
Time: 304 | Quality: 75.5 | Data: I
Time: 89 | Quality: 2.2 | Data: c
Time: 909 | Quality: 25.9 | Data: W
Time: 264 | Quality: 72.4 | Data: Y
Time: 991 | Quality: 45.1 | Data: m
Time: 422 | Quality: 19.7 | Data: A
Time: 595 | Quality: 34.9 | Data: L
Time: 388 | Quality: 85.4 | Data: B
Time: 658 | Quality: 19.2 | Data: X
Time: 121 | Quality: 72.4 | Data: l
Time: 226 | Quality: 60.6 | Data: j
Time: 347 | Quality: 37.7 | Data: y
Time: 793 | Quality: 77.1 | Data: U
Time: 358 | Quality: 59.8 | Data: C
Time: 41 | Quality: 66.8 | Data: d
Time: 383 | Quality: 65.6 | Data: i
Time: 104 | Quality: 84.4 | Data: A
Time: 387 | Quality: 56.5 | Data: g
Time: 898 | Quality: 64.8 | Data: p
Time: 493 | Quality: 4.2 | Data: t
Time: 775 | Quality: 77.1 | Data: l
Time: 455 | Quality: 69.6 | Data: i
Time: 281 | Quality: 29.9 | Data: N
Time: 481 | Quality: 60.7 | Data: i
Time: 791 | Quality: 55.3 | Data: K
Time: 985 | Quality: 68.6 | Data: D
Time: 809 | Quality: 78 | Data: G
Time: 231 | Quality: 42.5 | Data: l
Time: 44 | Quality: 82.3 | Data: D
Time: 839 | Quality: 43.2 | Data: N
Time: 606 | Quality: 33.6 | Data: P
Time: 664 | Quality: 14.2 | Data: m
Time: 720 | Quality: 61.8 | Data: p
Time: 65 | Quality: 18.2 | Data: T
Time: 728 | Quality: 12.5 | Data: m
Time: 883 | Quality: 6.1 | Data: G
Time: 975 | Quality: 49.8 | Data: g
Time: 418 | Quality: 7.2 | Data: A
Time: 219 | Quality: 33.7 | Data: K
Time: 165 | Quality: 86.2 | Data: G
Time: 757 | Quality: 38.5 | Data: Y
Time: 408 | Quality: 46.1 | Data: J
Time: 755 | Quality: 39.8 | Data: k
Time: 571 | Quality: 75 | Data: D
Time: 174 | Quality: 84.7 | Data: e
Time: 851 | Quality: 64.6 | Data: d
Time: 743 | Quality: 77.7 | Data: C
Time: 394 | Quality: 2.6 | Data: W
Time: 232 | Quality: 25.3 | Data: A
Time: 334 | Quality: 76.5 | Data: K
Time: 933 | Quality: 65.4 | Data: i
Time: 516 | Quality: 46.3 | Data: d
Time: 812 | Quality: 29.8 | Data: j
Time: 271 | Quality: 79.2 | Data: y
Time: 156 | Quality: 77.6 | Data: X
Time: 170 | Quality: 3.2 | Data: c
Time: 665 | Quality: 53.9 | Data: D
Time: 203 | Quality: 65.8 | Data: G
Time: 479 | Quality: 23.2 | Data: d
Time: 868 | Quality: 42.3 | Data: n
Time: 534 | Quality: 78.4 | Data: o
Time: 110 | Quality: 52.4 | Data: I
Time: 811 | Quality: 10.7 | Data: s
Time: 179 | Quality: 26.7 | Data: k
Time: 592 | Quality: 10.5 | Data: Q
Time: 765 | Quality: 69.3 | Data: v
Time: 39 | Quality: 46.7 | Data: L
Time: 865 | Quality: 29.6 | Data: U
Time: 162 | Quality: 48.2 | Data: E
Time: 915 | Quality: 76 | Data: D
Time: 549 | Quality: 19.3 | Data: H
Time: 647 | Quality: 0 | Data: g
Time: 184 | Quality: 39.7 | Data: j
Time: 845 | Quality: 49.4 | Data: P
Time: 710 | Quality: 79.1 | Data: M
Time: 735 | Quality: 25.2 | Data: t
Time: 190 | Quality: 58.8 | Data: W
Time: 767 | Quality: 70.8 | Data: d
Time: 671 | Quality: 64.8 | Data: u
Time: 763 | Quality: 51.4 | Data: U
Time: 905 | Quality: 19.4 | Data: R
Time: 748 | Quality: 16.5 | Data: S
Time: 218 | Quality: 41.9 | Data: X
Time: 318 | Quality: 61 | Data: b
Time: 293 | Quality: 10.4 | Data: T
Time: 137 | Quality: 46.3 | Data: O
Time: 242 | Quality: 30 | Data: s
Time: 504 | Quality: 78.5 | Data: b
Time: 339 | Quality: 40.7 | Data: c
Time: 808 | Quality: 5.3 | Data: P
Time: 360 | Quality: 63.5 | Data: V
Time: 377 | Quality: 36.1 | Data: L
Time: 601 | Quality: 3.6 | Data: h
Time: 182 | Quality: 14.3 | Data: c
Time: 881 | Quality: 20.2 | Data: M
Time: 406 | Quality: 17 | Data: K
Time: 298 | Quality: 9.5 | Data: U
Time: 291 | Quality: 68.8 | Data: r
Time: 27 | Quality: 36.2 | Data: q
Time: 953 | Quality: 25.8 | Data: l
Time: 836 | Quality: 58.5 | Data: W
Time: 679 | Quality: 72.3 | Data: L
Time: 302 | Quality: 66.3 | Data: a
Time: 482 | Quality: 24.7 | Data: x
Time: 193 | Quality: 6.8 | Data: i
Time: 560 | Quality: 26.2 | Data: k
Time: 634 | Quality: 18.9 | Data: C
Time: 487 | Quality: 14.2 | Data: M
Time: 195 | Quality: 22 | Data: F
Time: 689 | Quality: 63.6 | Data: I
Time: 864 | Quality: 3.8 | Data: i
Time: 879 | Quality: 72.4 | Data: I
Time: 510 | Quality: 45.2 | Data: g
Time: 746 | Quality: 43.8 | Data: W
Time: 321 | Quality: 8.7 | Data: B
Time: 920 | Quality: 55.4 | Data: x
Time: 544 | Quality: 70.5 | Data: O
Time: 770 | Quality: 30.7 | Data: X
Time: 326 | Quality: 51.7 | Data: G
Time: 666 | Quality: 10.3 | Data: n
Time: 992 | Quality: 65.6 | Data: z
Time: 325 | Quality: 44.3 | Data: u
Time: 723 | Quality: 63.2 | Data: u
Time: 82 | Quality: 47.2 | Data: p
Time: 102 | Quality: 59.8 | Data: i
Time: 826 | Quality: 8.6 | Data: g
Time: 750 | Quality: 47.4 | Data: Q
Time: 79 | Quality: 63.2 | Data: N
Time: 113 | Quality: 85.7 | Data: z
Time: 155 | Quality: 87.3 | Data: O
Time: 854 | Quality: 3.4 | Data: o
Time: 727 | Quality: 43 | Data: W
Time: 478 | Quality: 32.5 | Data: Z
Time: 398 | Quality: 36 | Data: q
Time: 64 | Quality: 63.2 | Data: B
Time: 105 | Quality: 0.2 | Data: m
Time: 107 | Quality: 53.4 | Data: M
Time: 518 | Quality: 78.1 | Data: K
Time: 54 | Quality: 31 | Data: s
Time: 292 | Quality: 85.3 | Data: U
Time: 1 | Quality: 6.3 | Data: r
Time: 126 | Quality: 29.7 | Data: a
Time: 19 | Quality: 86.1 | Data: j
Time: 709 | Quality: 45.9 | Data: K
Time: 817 | Quality: 80.1 | Data: o
Time: 316 | Quality: 33.8 | Data: n
Time: 702 | Quality: 65.3 | Data: M
Time: 224 | Quality: 29.2 | Data: y
Time: 163 | Quality: 82.2 | Data: q
Time: 208 | Quality: 59.9 | Data: w
Time: 656 | Quality: 83 | Data: i
Time: 185 | Quality: 80.8 | Data: L
Time: 994 | Quality: 45.8 | Data: o
Time: 738 | Quality: 53.4 | Data: v
Time: 542 | Quality: 86 | Data: z
Time: 188 | Quality: 14.3 | Data: n
Time: 330 | Quality: 15 | Data: J
Time: 758 | Quality: 31.8 | Data: O
Time: 829 | Quality: 50.4 | Data: t
Time: 604 | Quality: 36.3 | Data: D
Time: 95 | Quality: 18.7 | Data: r
Time: 928 | Quality: 42.9 | Data: e
Time: 91 | Quality: 55.4 | Data: d
Time: 583 | Quality: 37.8 | Data: b
Time: 423 | Quality: 8.9 | Data: H
Time: 58 | Quality: 55.4 | Data: x
Time: 5 | Quality: 37.2 | Data: J
Time: 698 | Quality: 78.5 | Data: K
Time: 140 | Quality: 8.1 | Data: t
Time: 480 | Quality: 44.1 | Data: s
Time: 718 | Quality: 0.5 | Data: b
Time: 527 | Quality: 28.3 | Data: g
Time: 873 | Quality: 13.4 | Data: o
Time: 692 | Quality: 15.4 | Data: O
Time: 66 | Quality: 30.4 | Data: F
Time: 365 | Quality: 54.7 | Data: F
Time: 275 | Quality: 68 | Data: S
Time: 261 | Quality: 64.2 | Data: V
Time: 661 | Quality: 76.4 | Data: a
Time: 335 | Quality: 5.2 | Data: P
Time: 687 | Quality: 26.1 | Data: m
Time: 356 | Quality: 35.9 | Data: F
Time: 217 | Quality: 32.2 | Data: a
Time: 773 | Quality: 65.5 | Data: p
Time: 317 | Quality: 13.2 | Data: M
Time: 837 | Quality: 46 | Data: Z
Time: 255 | Quality: 35.4 | Data: G
Time: 14 | Quality: 34.1 | Data: P
Time: 444 | Quality: 17.8 | Data: b
Time: 911 | Quality: 30.8 | Data: u
Time: 626 | Quality: 25.7 | Data: d
Time: 794 | Quality: 55.9 | Data: n
Time: 461 | Quality: 79.7 | Data: I
Time: 311 | Quality: 87.5 | Data: e
Time: 522 | Quality: 0.1 | Data: L
Time: 517 | Quality: 23.8 | Data: r
Time: 511 | Quality: 26.7 | Data: H
Time: 835 | Quality: 28 | Data: U
Time: 43 | Quality: 29.7 | Data: u
Time: 706 | Quality: 36.5 | Data: j
Time: 55 | Quality: 65.9 | Data: G
Time: 946 | Quality: 47.6 | Data: k
Time: 407 | Quality: 1.7 | Data: L
Time: 289 | Quality: 38.5 | Data: J
Time: 615 | Quality: 63.1 | Data: X
Time: 49 | Quality: 39.7 | Data: a
Time: 357 | Quality: 35.6 | Data: b
Time: 587 | Quality: 21.9 | Data: S
Time: 788 | Quality: 50.5 | Data: G
Time: 48 | Quality: 22.6 | Data: W
Time: 220 | Quality: 87.2 | Data: c
Time: 533 | Quality: 29.9 | Data: Q
Time: 428 | Quality: 23.6 | Data: p
Time: 199 | Quality: 5.3 | Data: z
Time: 635 | Quality: 16.3 | Data: m
Time: 211 | Quality: 27.1 | Data: l
Time: 822 | Quality: 87.3 | Data: k
Time: 168 | Quality: 81.9 | Data: R
Time: 497 | Quality: 0.3 | Data: Y
Time: 362 | Quality: 56.9 | Data: V
Time: 191 | Quality: 39.2 | Data: i
Time: 636 | Quality: 35.9 | Data: G
Time: 267 | Quality: 86.9 | Data: C
Time: 934 | Quality: 15.7 | Data: X
Time: 944 | Quality: 89 | Data: v
Time: 562 | Quality: 40.3 | Data: n
Time: 885 | Quality: 62.8 | Data: c
Time: 802 | Quality: 31 | Data: K
Time: 861 | Quality: 80.4 | Data: m
Time: 373 | Quality: 9.8 | Data: X
Time: 36 | Quality: 27.6 | Data: F
Time: 25 | Quality: 52.7 | Data: u
Time: 725 | Quality: 15.8 | Data: P
Time: 363 | Quality: 35.5 | Data: D
Time: 931 | Quality: 6.2 | Data: u
Time: 147 | Quality: 55.1 | Data: R
Time: 625 | Quality: 55.3 | Data: O
Time: 912 | Quality: 42.7 | Data: Y
Time: 630 | Quality: 10 | Data: O
Time: 795 | Quality: 35.7 | Data: r
Time: 747 | Quality: 80 | Data: A
Time: 46 | Quality: 76.7 | Data: X
Time: 227 | Quality: 5.6 | Data: a
Time: 35 | Quality: 45 | Data: M
Time: 799 | Quality: 37.1 | Data: h
Time: 125 | Quality: 45.4 | Data: h
Time: 32 | Quality: 35.8 | Data: V
Time: 629 | Quality: 77.8 | Data: I
Time: 986 | Quality: 1.1 | Data: X
Time: 612 | Quality: 72 | Data: H
Time: 429 | Quality: 5.9 | Data: V
Time: 466 | Quality: 78.2 | Data: d
Time: 506 | Quality: 64 | Data: x
Time: 90 | Quality: 30.5 | Data: g
Time: 833 | Quality: 67.4 | Data: m
Time: 234 | Quality: 45.8 | Data: L
Time: 577 | Quality: 13.9 | Data: a
Time: 594 | Quality: 83 | Data: C
Time: 580 | Quality: 6.7 | Data: m
Time: 781 | Quality: 43.3 | Data: s
Time: 101 | Quality: 61.9 | Data: G
Time: 603 | Quality: 56.9 | Data: d
Time: 976 | Quality: 82.1 | Data: z
Time: 446 | Quality: 38.5 | Data: T
Time: 34 | Quality: 22.1 | Data: k
Time: 3 | Quality: 13.6 | Data: P
Time: 620 | Quality: 68.5 | Data: B
Time: 139 | Quality: 61.8 | Data: Q
Time: 816 | Quality: 10.3 | Data: Z
Time: 440 | Quality: 40.6 | Data: d
Time: 910 | Quality: 16 | Data: q
Time: 486 | Quality: 10.4 | Data: c
Time: 586 | Quality: 50.6 | Data: m
Time: 639 | Quality: 66.3 | Data: O
Time: 157 | Quality: 44.7 | Data: O
Time: 546 | Quality: 60.1 | Data: r
Time: 460 | Quality: 2.6 | Data: T
Time: 900 | Quality: 72.6 | Data: C
Time: 221 | Quality: 15.5 | Data: w
Time: 924 | Quality: 40.8 | Data: S
Time: 815 | Quality: 15.6 | Data: f
Time: 75 | Quality: 48.4 | Data: k
Time: 200 | Quality: 5.4 | Data: J
Time: 500 | Quality: 15.9 | Data: h
Time: 134 | Quality: 39.3 | Data: h
Time: 47 | Quality: 4.3 | Data: n
Time: 319 | Quality: 58.5 | Data: j
Time: 260 | Quality: 31.3 | Data: f
Time: 515 | Quality: 82.8 | Data: q
Time: 593 | Quality: 86.9 | Data: g
Time: 144 | Quality: 55.5 | Data: U
Time: 819 | Quality: 5.1 | Data: l
Time: 194 | Quality: 62 | Data: D
Time: 150 | Quality: 11.9 | Data: i
Time: 572 | Quality: 72.8 | Data: b
Time: 114 | Quality: 1.5 | Data: D
Time: 925 | Quality: 28.7 | Data: F
Time: 207 | Quality: 79.9 | Data: Q
Time: 894 | Quality: 29.9 | Data: q
Time: 145 | Quality: 78.9 | Data: R
Time: 693 | Quality: 9.5 | Data: T
Time: 855 | Quality: 68.8 | Data: d
Time: 945 | Quality: 17.6 | Data: y
Time: 525 | Quality: 22 | Data: v
Time: 810 | Quality: 81.8 | Data: b
Time: 622 | Quality: 31.8 | Data: G
Time: 310 | Quality: 83.3 | Data: i
Time: 0 | Quality: 40.2 | Data: T
Time: 254 | Quality: 58.7 | Data: V
Time: 774 | Quality: 12.6 | Data: a
Time: 236 | Quality: 32.7 | Data: D
Time: 349 | Quality: 76.3 | Data: B
Time: 870 | Quality: 73 | Data: y
Time: 367 | Quality: 73.2 | Data: v
Time: 128 | Quality: 70.4 | Data: d
Time: 599 | Quality: 43 | Data: U
Time: 935 | Quality: 83.6 | Data: X
Time: 30 | Quality: 24.2 | Data: J
Time: 753 | Quality: 28.2 | Data: k
Time: 776 | Quality: 39.3 | Data: Z
Time: 502 | Quality: 7.2 | Data: F
Time: 921 | Quality: 9.9 | Data: u
Time: 654 | Quality: 5.7 | Data: U
Time: 857 | Quality: 19.3 | Data: o
Time: 956 | Quality: 52.6 | Data: c
Time: 932 | Quality: 78.2 | Data: Z
Time: 474 | Quality: 44.6 | Data: A
Time: 15 | Quality: 79.7 | Data: z
Time: 202 | Quality: 80.8 | Data: b
Time: 85 | Quality: 82.1 | Data: P
Time: 106 | Quality: 57.6 | Data: H
Time: 78 | Quality: 2.7 | Data: l
Time: 501 | Quality: 54.5 | Data: S
Time: 256 | Quality: 88.9 | Data: l
Time: 464 | Quality: 34.9 | Data: T
Time: 12 | Quality: 53.8 | Data: f
Time: 386 | Quality: 62.6 | Data: R
Time: 977 | Quality: 43.8 | Data: j
Time: 459 | Quality: 82.5 | Data: J
Time: 372 | Quality: 47.8 | Data: p
Time: 642 | Quality: 46.9 | Data: B
Time: 336 | Quality: 41.9 | Data: Z
Time: 172 | Quality: 15.6 | Data: K
Time: 918 | Quality: 19.6 | Data: P
Time: 617 | Quality: 31.3 | Data: n
Time: 997 | Quality: 20.3 | Data: N
Time: 262 | Quality: 56.7 | Data: E
Time: 979 | Quality: 74.2 | Data: v
Time: 393 | Quality: 77.2 | Data: f
Time: 540 | Quality: 88.3 | Data: l
Time: 77 | Quality: 25.2 | Data: U
Time: 438 | Quality: 49.8 | Data: F
Time: 690 | Quality: 37.2 | Data: y
Time: 521 | Quality: 33.1 | Data: q
Time: 721 | Quality: 81.8 | Data: X
Time: 164 | Quality: 73.9 | Data: I
Time: 284 | Quality: 5.6 | Data: A
Time: 880 | Quality: 12.5 | Data: t
Time: 366 | Quality: 6.2 | Data: r
Time: 141 | Quality: 20.3 | Data: i
Time: 554 | Quality: 14.8 | Data: T
Time: 514 | Quality: 48.9 | Data: s
Time: 926 | Quality: 28.2 | Data: e
Time: 889 | Quality: 35.2 | Data: R
Time: 618 | Quality: 79.9 | Data: B
Time: 697 | Quality: 42.1 | Data: x
Time: 539 | Quality: 84.1 | Data: f
Time: 996 | Quality: 83.5 | Data: K
Time: 832 | Quality: 30.5 | Data: G
Time: 369 | Quality: 58.2 | Data: D
Time: 359 | Quality: 30.7 | Data: g
Time: 596 | Quality: 21.6 | Data: M
Time: 929 | Quality: 65 | Data: V
Time: 216 | Quality: 88.8 | Data: C
Time: 597 | Quality: 22.3 | Data: o
Time: 736 | Quality: 30.2 | Data: A
Time: 370 | Quality: 64.6 | Data: d
Time: 570 | Quality: 38 | Data: P
Time: 430 | Quality: 5.8 | Data: t
Time: 31 | Quality: 40.5 | Data: t
Time: 908 | Quality: 14.4 | Data: N
Time: 6 | Quality: 11.7 | Data: t
Time: 890 | Quality: 27.7 | Data: X
Time: 565 | Quality: 44 | Data: c
Time: 355 | Quality: 24.1 | Data: H
Time: 848 | Quality: 73.6 | Data: D
Time: 448 | Quality: 47 | Data: G
Time: 253 | Quality: 52.6 | Data: W
Time: 279 | Quality: 62.1 | Data: C
Time: 867 | Quality: 8.9 | Data: q
Time: 237 | Quality: 40.6 | Data: G
Time: 762 | Quality: 25.8 | Data: Y
Time: 161 | Quality: 82.1 | Data: N
Time: 37 | Quality: 33.2 | Data: J
Time: 249 | Quality: 8.6 | Data: i
Time: 285 | Quality: 21.5 | Data: c
Time: 567 | Quality: 75.1 | Data: Q
Time: 451 | Quality: 31.1 | Data: j
Time: 282 | Quality: 13.1 | Data: Y
Time: 801 | Quality: 72.2 | Data: d
Time: 233 | Quality: 21.2 | Data: L
Time: 173 | Quality: 34.6 | Data: M
Time: 457 | Quality: 66.8 | Data: L
Time: 741 | Quality: 13.2 | Data: e
Time: 713 | Quality: 65.6 | Data: M
Time: 531 | Quality: 40.8 | Data: T
Time: 299 | Quality: 52.5 | Data: x
Time: 783 | Quality: 39.9 | Data: a
Time: 20 | Quality: 48.7 | Data: m
Time: 475 | Quality: 33.5 | Data: u
Time: 471 | Quality: 67.6 | Data: m
Time: 729 | Quality: 32 | Data: t
Time: 436 | Quality: 14.4 | Data: X
Time: 807 | Quality: 18.8 | Data: P
Time: 80 | Quality: 0.7 | Data: l
Time: 342 | Quality: 87.2 | Data: J
Time: 682 | Quality: 81.4 | Data: Z
Time: 677 | Quality: 56.7 | Data: a
Time: 230 | Quality: 54 | Data: Q
Time: 742 | Quality: 22.9 | Data: C
Time: 831 | Quality: 32.7 | Data: T
Time: 441 | Quality: 13.6 | Data: P
Time: 752 | Quality: 29 | Data: D
Time: 892 | Quality: 64 | Data: E
Time: 23 | Quality: 24.5 | Data: x
Time: 290 | Quality: 46.5 | Data: a
Time: 792 | Quality: 44.3 | Data: q
